<?xml version="1.0" encoding="UTF-8"?>
<testsuite xmlns:xsi="http://www.w3.org/2001/XMLSchema-instance" xsi:noNamespaceSchemaLocation="https://maven.apache.org/surefire/maven-surefire-plugin/xsd/surefire-test-report.xsd" name="com.ruijie.service.UserServiceTest" time="1.103" tests="2" errors="1" skipped="0" failures="0">
  <properties>
    <property name="sun.desktop" value="windows"/>
    <property name="awt.toolkit" value="sun.awt.windows.WToolkit"/>
    <property name="file.encoding.pkg" value="sun.io"/>
    <property name="java.specification.version" value="1.8"/>
    <property name="sun.cpu.isalist" value="amd64"/>
    <property name="sun.jnu.encoding" value="GBK"/>
    <property name="java.class.path" value="D:\code\chf-springboot\target\test-classes;D:\code\chf-springboot\target\classes;F:\JavaTools\maven\repository\org\springframework\boot\spring-boot-starter-web\2.1.5.RELEASE\spring-boot-starter-web-2.1.5.RELEASE.jar;F:\JavaTools\maven\repository\org\springframework\boot\spring-boot-starter\2.1.5.RELEASE\spring-boot-starter-2.1.5.RELEASE.jar;F:\JavaTools\maven\repository\org\springframework\boot\spring-boot\2.1.5.RELEASE\spring-boot-2.1.5.RELEASE.jar;F:\JavaTools\maven\repository\org\springframework\boot\spring-boot-autoconfigure\2.1.5.RELEASE\spring-boot-autoconfigure-2.1.5.RELEASE.jar;F:\JavaTools\maven\repository\org\springframework\boot\spring-boot-starter-logging\2.1.5.RELEASE\spring-boot-starter-logging-2.1.5.RELEASE.jar;F:\JavaTools\maven\repository\ch\qos\logback\logback-classic\1.2.3\logback-classic-1.2.3.jar;F:\JavaTools\maven\repository\ch\qos\logback\logback-core\1.2.3\logback-core-1.2.3.jar;F:\JavaTools\maven\repository\org\apache\logging\log4j\log4j-to-slf4j\2.11.2\log4j-to-slf4j-2.11.2.jar;F:\JavaTools\maven\repository\org\apache\logging\log4j\log4j-api\2.11.2\log4j-api-2.11.2.jar;F:\JavaTools\maven\repository\org\slf4j\jul-to-slf4j\1.7.26\jul-to-slf4j-1.7.26.jar;F:\JavaTools\maven\repository\javax\annotation\javax.annotation-api\1.3.2\javax.annotation-api-1.3.2.jar;F:\JavaTools\maven\repository\org\yaml\snakeyaml\1.23\snakeyaml-1.23.jar;F:\JavaTools\maven\repository\org\springframework\boot\spring-boot-starter-json\2.1.5.RELEASE\spring-boot-starter-json-2.1.5.RELEASE.jar;F:\JavaTools\maven\repository\com\fasterxml\jackson\core\jackson-databind\2.9.8\jackson-databind-2.9.8.jar;F:\JavaTools\maven\repository\com\fasterxml\jackson\core\jackson-annotations\2.9.0\jackson-annotations-2.9.0.jar;F:\JavaTools\maven\repository\com\fasterxml\jackson\core\jackson-core\2.9.8\jackson-core-2.9.8.jar;F:\JavaTools\maven\repository\com\fasterxml\jackson\datatype\jackson-datatype-jdk8\2.9.8\jackson-datatype-jdk8-2.9.8.jar;F:\JavaTools\maven\repository\com\fasterxml\jackson\datatype\jackson-datatype-jsr310\2.9.8\jackson-datatype-jsr310-2.9.8.jar;F:\JavaTools\maven\repository\com\fasterxml\jackson\module\jackson-module-parameter-names\2.9.8\jackson-module-parameter-names-2.9.8.jar;F:\JavaTools\maven\repository\org\springframework\boot\spring-boot-starter-tomcat\2.1.5.RELEASE\spring-boot-starter-tomcat-2.1.5.RELEASE.jar;F:\JavaTools\maven\repository\org\apache\tomcat\embed\tomcat-embed-core\9.0.19\tomcat-embed-core-9.0.19.jar;F:\JavaTools\maven\repository\org\apache\tomcat\embed\tomcat-embed-el\9.0.19\tomcat-embed-el-9.0.19.jar;F:\JavaTools\maven\repository\org\apache\tomcat\embed\tomcat-embed-websocket\9.0.19\tomcat-embed-websocket-9.0.19.jar;F:\JavaTools\maven\repository\org\hibernate\validator\hibernate-validator\6.0.16.Final\hibernate-validator-6.0.16.Final.jar;F:\JavaTools\maven\repository\javax\validation\validation-api\2.0.1.Final\validation-api-2.0.1.Final.jar;F:\JavaTools\maven\repository\org\jboss\logging\jboss-logging\3.3.2.Final\jboss-logging-3.3.2.Final.jar;F:\JavaTools\maven\repository\com\fasterxml\classmate\1.4.0\classmate-1.4.0.jar;F:\JavaTools\maven\repository\org\springframework\spring-web\5.1.7.RELEASE\spring-web-5.1.7.RELEASE.jar;F:\JavaTools\maven\repository\org\springframework\spring-beans\5.1.7.RELEASE\spring-beans-5.1.7.RELEASE.jar;F:\JavaTools\maven\repository\org\springframework\spring-webmvc\5.1.7.RELEASE\spring-webmvc-5.1.7.RELEASE.jar;F:\JavaTools\maven\repository\org\springframework\spring-aop\5.1.7.RELEASE\spring-aop-5.1.7.RELEASE.jar;F:\JavaTools\maven\repository\org\springframework\spring-context\5.1.7.RELEASE\spring-context-5.1.7.RELEASE.jar;F:\JavaTools\maven\repository\org\springframework\spring-expression\5.1.7.RELEASE\spring-expression-5.1.7.RELEASE.jar;F:\JavaTools\maven\repository\com\alibaba\druid\1.1.7\druid-1.1.7.jar;F:\JavaTools\maven\repository\org\springframework\boot\spring-boot-configuration-processor\2.1.5.RELEASE\spring-boot-configuration-processor-2.1.5.RELEASE.jar;F:\JavaTools\maven\repository\org\projectlombok\lombok\1.18.8\lombok-1.18.8.jar;F:\JavaTools\maven\repository\org\springframework\boot\spring-boot-starter-jdbc\2.1.5.RELEASE\spring-boot-starter-jdbc-2.1.5.RELEASE.jar;F:\JavaTools\maven\repository\com\zaxxer\HikariCP\3.2.0\HikariCP-3.2.0.jar;F:\JavaTools\maven\repository\org\slf4j\slf4j-api\1.7.26\slf4j-api-1.7.26.jar;F:\JavaTools\maven\repository\org\springframework\spring-jdbc\5.1.7.RELEASE\spring-jdbc-5.1.7.RELEASE.jar;F:\JavaTools\maven\repository\org\springframework\spring-tx\5.1.7.RELEASE\spring-tx-5.1.7.RELEASE.jar;F:\JavaTools\maven\repository\mysql\mysql-connector-java\5.1.46\mysql-connector-java-5.1.46.jar;F:\JavaTools\maven\repository\org\mybatis\spring\boot\mybatis-spring-boot-starter\2.0.1\mybatis-spring-boot-starter-2.0.1.jar;F:\JavaTools\maven\repository\org\mybatis\spring\boot\mybatis-spring-boot-autoconfigure\2.0.1\mybatis-spring-boot-autoconfigure-2.0.1.jar;F:\JavaTools\maven\repository\org\mybatis\mybatis\3.5.1\mybatis-3.5.1.jar;F:\JavaTools\maven\repository\org\mybatis\mybatis-spring\2.0.1\mybatis-spring-2.0.1.jar;F:\JavaTools\maven\repository\tk\mybatis\mapper-spring-boot-starter\2.1.5\mapper-spring-boot-starter-2.1.5.jar;F:\JavaTools\maven\repository\tk\mybatis\mapper-core\1.1.5\mapper-core-1.1.5.jar;F:\JavaTools\maven\repository\javax\persistence\persistence-api\1.0\persistence-api-1.0.jar;F:\JavaTools\maven\repository\tk\mybatis\mapper-base\1.1.5\mapper-base-1.1.5.jar;F:\JavaTools\maven\repository\tk\mybatis\mapper-weekend\1.1.5\mapper-weekend-1.1.5.jar;F:\JavaTools\maven\repository\tk\mybatis\mapper-spring\1.1.5\mapper-spring-1.1.5.jar;F:\JavaTools\maven\repository\tk\mybatis\mapper-extra\1.1.5\mapper-extra-1.1.5.jar;F:\JavaTools\maven\repository\tk\mybatis\mapper-spring-boot-autoconfigure\2.1.5\mapper-spring-boot-autoconfigure-2.1.5.jar;F:\JavaTools\maven\repository\org\springframework\boot\spring-boot-starter-test\2.1.5.RELEASE\spring-boot-starter-test-2.1.5.RELEASE.jar;F:\JavaTools\maven\repository\org\springframework\boot\spring-boot-test\2.1.5.RELEASE\spring-boot-test-2.1.5.RELEASE.jar;F:\JavaTools\maven\repository\org\springframework\boot\spring-boot-test-autoconfigure\2.1.5.RELEASE\spring-boot-test-autoconfigure-2.1.5.RELEASE.jar;F:\JavaTools\maven\repository\com\jayway\jsonpath\json-path\2.4.0\json-path-2.4.0.jar;F:\JavaTools\maven\repository\net\minidev\json-smart\2.3\json-smart-2.3.jar;F:\JavaTools\maven\repository\net\minidev\accessors-smart\1.2\accessors-smart-1.2.jar;F:\JavaTools\maven\repository\org\ow2\asm\asm\5.0.4\asm-5.0.4.jar;F:\JavaTools\maven\repository\junit\junit\4.12\junit-4.12.jar;F:\JavaTools\maven\repository\org\assertj\assertj-core\3.11.1\assertj-core-3.11.1.jar;F:\JavaTools\maven\repository\org\mockito\mockito-core\2.23.4\mockito-core-2.23.4.jar;F:\JavaTools\maven\repository\net\bytebuddy\byte-buddy\1.9.12\byte-buddy-1.9.12.jar;F:\JavaTools\maven\repository\net\bytebuddy\byte-buddy-agent\1.9.12\byte-buddy-agent-1.9.12.jar;F:\JavaTools\maven\repository\org\objenesis\objenesis\2.6\objenesis-2.6.jar;F:\JavaTools\maven\repository\org\hamcrest\hamcrest-core\1.3\hamcrest-core-1.3.jar;F:\JavaTools\maven\repository\org\hamcrest\hamcrest-library\1.3\hamcrest-library-1.3.jar;F:\JavaTools\maven\repository\org\skyscreamer\jsonassert\1.5.0\jsonassert-1.5.0.jar;F:\JavaTools\maven\repository\com\vaadin\external\google\android-json\0.0.20131108.vaadin1\android-json-0.0.20131108.vaadin1.jar;F:\JavaTools\maven\repository\org\springframework\spring-core\5.1.7.RELEASE\spring-core-5.1.7.RELEASE.jar;F:\JavaTools\maven\repository\org\springframework\spring-jcl\5.1.7.RELEASE\spring-jcl-5.1.7.RELEASE.jar;F:\JavaTools\maven\repository\org\springframework\spring-test\5.1.7.RELEASE\spring-test-5.1.7.RELEASE.jar;F:\JavaTools\maven\repository\org\xmlunit\xmlunit-core\2.6.2\xmlunit-core-2.6.2.jar;F:\JavaTools\maven\repository\org\springframework\boot\spring-boot-starter-data-redis\2.1.5.RELEASE\spring-boot-starter-data-redis-2.1.5.RELEASE.jar;F:\JavaTools\maven\repository\org\springframework\data\spring-data-redis\2.1.8.RELEASE\spring-data-redis-2.1.8.RELEASE.jar;F:\JavaTools\maven\repository\org\springframework\data\spring-data-keyvalue\2.1.8.RELEASE\spring-data-keyvalue-2.1.8.RELEASE.jar;F:\JavaTools\maven\repository\org\springframework\data\spring-data-commons\2.1.8.RELEASE\spring-data-commons-2.1.8.RELEASE.jar;F:\JavaTools\maven\repository\org\springframework\spring-oxm\5.1.7.RELEASE\spring-oxm-5.1.7.RELEASE.jar;F:\JavaTools\maven\repository\org\springframework\spring-context-support\5.1.7.RELEASE\spring-context-support-5.1.7.RELEASE.jar;F:\JavaTools\maven\repository\io\lettuce\lettuce-core\5.1.6.RELEASE\lettuce-core-5.1.6.RELEASE.jar;F:\JavaTools\maven\repository\io\netty\netty-common\4.1.36.Final\netty-common-4.1.36.Final.jar;F:\JavaTools\maven\repository\io\netty\netty-handler\4.1.36.Final\netty-handler-4.1.36.Final.jar;F:\JavaTools\maven\repository\io\netty\netty-buffer\4.1.36.Final\netty-buffer-4.1.36.Final.jar;F:\JavaTools\maven\repository\io\netty\netty-codec\4.1.36.Final\netty-codec-4.1.36.Final.jar;F:\JavaTools\maven\repository\io\netty\netty-transport\4.1.36.Final\netty-transport-4.1.36.Final.jar;F:\JavaTools\maven\repository\io\netty\netty-resolver\4.1.36.Final\netty-resolver-4.1.36.Final.jar;F:\JavaTools\maven\repository\io\projectreactor\reactor-core\3.2.9.RELEASE\reactor-core-3.2.9.RELEASE.jar;F:\JavaTools\maven\repository\org\reactivestreams\reactive-streams\1.0.2\reactive-streams-1.0.2.jar;"/>
    <property name="java.vm.vendor" value="Oracle Corporation"/>
    <property name="sun.arch.data.model" value="64"/>
    <property name="user.variant" value=""/>
    <property name="java.vendor.url" value="http://java.oracle.com/"/>
    <property name="user.timezone" value="Asia/Shanghai"/>
    <property name="java.vm.specification.version" value="1.8"/>
    <property name="os.name" value="Windows 10"/>
    <property name="user.country" value="CN"/>
    <property name="sun.java.launcher" value="SUN_STANDARD"/>
    <property name="sun.boot.library.path" value="D:\Program Files\Java\jdk1.8.0_60\jre\bin"/>
    <property name="sun.java.command" value="C:\Users\chf\AppData\Local\Temp\surefire3594175329657435540\surefirebooter8683456571503188778.jar C:\Users\chf\AppData\Local\Temp\surefire3594175329657435540 2019-11-24T21-49-24_747-jvmRun1 surefire3878268696132385760tmp surefire_04752298776644109154tmp"/>
    <property name="surefire.test.class.path" value="D:\code\chf-springboot\target\test-classes;D:\code\chf-springboot\target\classes;F:\JavaTools\maven\repository\org\springframework\boot\spring-boot-starter-web\2.1.5.RELEASE\spring-boot-starter-web-2.1.5.RELEASE.jar;F:\JavaTools\maven\repository\org\springframework\boot\spring-boot-starter\2.1.5.RELEASE\spring-boot-starter-2.1.5.RELEASE.jar;F:\JavaTools\maven\repository\org\springframework\boot\spring-boot\2.1.5.RELEASE\spring-boot-2.1.5.RELEASE.jar;F:\JavaTools\maven\repository\org\springframework\boot\spring-boot-autoconfigure\2.1.5.RELEASE\spring-boot-autoconfigure-2.1.5.RELEASE.jar;F:\JavaTools\maven\repository\org\springframework\boot\spring-boot-starter-logging\2.1.5.RELEASE\spring-boot-starter-logging-2.1.5.RELEASE.jar;F:\JavaTools\maven\repository\ch\qos\logback\logback-classic\1.2.3\logback-classic-1.2.3.jar;F:\JavaTools\maven\repository\ch\qos\logback\logback-core\1.2.3\logback-core-1.2.3.jar;F:\JavaTools\maven\repository\org\apache\logging\log4j\log4j-to-slf4j\2.11.2\log4j-to-slf4j-2.11.2.jar;F:\JavaTools\maven\repository\org\apache\logging\log4j\log4j-api\2.11.2\log4j-api-2.11.2.jar;F:\JavaTools\maven\repository\org\slf4j\jul-to-slf4j\1.7.26\jul-to-slf4j-1.7.26.jar;F:\JavaTools\maven\repository\javax\annotation\javax.annotation-api\1.3.2\javax.annotation-api-1.3.2.jar;F:\JavaTools\maven\repository\org\yaml\snakeyaml\1.23\snakeyaml-1.23.jar;F:\JavaTools\maven\repository\org\springframework\boot\spring-boot-starter-json\2.1.5.RELEASE\spring-boot-starter-json-2.1.5.RELEASE.jar;F:\JavaTools\maven\repository\com\fasterxml\jackson\core\jackson-databind\2.9.8\jackson-databind-2.9.8.jar;F:\JavaTools\maven\repository\com\fasterxml\jackson\core\jackson-annotations\2.9.0\jackson-annotations-2.9.0.jar;F:\JavaTools\maven\repository\com\fasterxml\jackson\core\jackson-core\2.9.8\jackson-core-2.9.8.jar;F:\JavaTools\maven\repository\com\fasterxml\jackson\datatype\jackson-datatype-jdk8\2.9.8\jackson-datatype-jdk8-2.9.8.jar;F:\JavaTools\maven\repository\com\fasterxml\jackson\datatype\jackson-datatype-jsr310\2.9.8\jackson-datatype-jsr310-2.9.8.jar;F:\JavaTools\maven\repository\com\fasterxml\jackson\module\jackson-module-parameter-names\2.9.8\jackson-module-parameter-names-2.9.8.jar;F:\JavaTools\maven\repository\org\springframework\boot\spring-boot-starter-tomcat\2.1.5.RELEASE\spring-boot-starter-tomcat-2.1.5.RELEASE.jar;F:\JavaTools\maven\repository\org\apache\tomcat\embed\tomcat-embed-core\9.0.19\tomcat-embed-core-9.0.19.jar;F:\JavaTools\maven\repository\org\apache\tomcat\embed\tomcat-embed-el\9.0.19\tomcat-embed-el-9.0.19.jar;F:\JavaTools\maven\repository\org\apache\tomcat\embed\tomcat-embed-websocket\9.0.19\tomcat-embed-websocket-9.0.19.jar;F:\JavaTools\maven\repository\org\hibernate\validator\hibernate-validator\6.0.16.Final\hibernate-validator-6.0.16.Final.jar;F:\JavaTools\maven\repository\javax\validation\validation-api\2.0.1.Final\validation-api-2.0.1.Final.jar;F:\JavaTools\maven\repository\org\jboss\logging\jboss-logging\3.3.2.Final\jboss-logging-3.3.2.Final.jar;F:\JavaTools\maven\repository\com\fasterxml\classmate\1.4.0\classmate-1.4.0.jar;F:\JavaTools\maven\repository\org\springframework\spring-web\5.1.7.RELEASE\spring-web-5.1.7.RELEASE.jar;F:\JavaTools\maven\repository\org\springframework\spring-beans\5.1.7.RELEASE\spring-beans-5.1.7.RELEASE.jar;F:\JavaTools\maven\repository\org\springframework\spring-webmvc\5.1.7.RELEASE\spring-webmvc-5.1.7.RELEASE.jar;F:\JavaTools\maven\repository\org\springframework\spring-aop\5.1.7.RELEASE\spring-aop-5.1.7.RELEASE.jar;F:\JavaTools\maven\repository\org\springframework\spring-context\5.1.7.RELEASE\spring-context-5.1.7.RELEASE.jar;F:\JavaTools\maven\repository\org\springframework\spring-expression\5.1.7.RELEASE\spring-expression-5.1.7.RELEASE.jar;F:\JavaTools\maven\repository\com\alibaba\druid\1.1.7\druid-1.1.7.jar;F:\JavaTools\maven\repository\org\springframework\boot\spring-boot-configuration-processor\2.1.5.RELEASE\spring-boot-configuration-processor-2.1.5.RELEASE.jar;F:\JavaTools\maven\repository\org\projectlombok\lombok\1.18.8\lombok-1.18.8.jar;F:\JavaTools\maven\repository\org\springframework\boot\spring-boot-starter-jdbc\2.1.5.RELEASE\spring-boot-starter-jdbc-2.1.5.RELEASE.jar;F:\JavaTools\maven\repository\com\zaxxer\HikariCP\3.2.0\HikariCP-3.2.0.jar;F:\JavaTools\maven\repository\org\slf4j\slf4j-api\1.7.26\slf4j-api-1.7.26.jar;F:\JavaTools\maven\repository\org\springframework\spring-jdbc\5.1.7.RELEASE\spring-jdbc-5.1.7.RELEASE.jar;F:\JavaTools\maven\repository\org\springframework\spring-tx\5.1.7.RELEASE\spring-tx-5.1.7.RELEASE.jar;F:\JavaTools\maven\repository\mysql\mysql-connector-java\5.1.46\mysql-connector-java-5.1.46.jar;F:\JavaTools\maven\repository\org\mybatis\spring\boot\mybatis-spring-boot-starter\2.0.1\mybatis-spring-boot-starter-2.0.1.jar;F:\JavaTools\maven\repository\org\mybatis\spring\boot\mybatis-spring-boot-autoconfigure\2.0.1\mybatis-spring-boot-autoconfigure-2.0.1.jar;F:\JavaTools\maven\repository\org\mybatis\mybatis\3.5.1\mybatis-3.5.1.jar;F:\JavaTools\maven\repository\org\mybatis\mybatis-spring\2.0.1\mybatis-spring-2.0.1.jar;F:\JavaTools\maven\repository\tk\mybatis\mapper-spring-boot-starter\2.1.5\mapper-spring-boot-starter-2.1.5.jar;F:\JavaTools\maven\repository\tk\mybatis\mapper-core\1.1.5\mapper-core-1.1.5.jar;F:\JavaTools\maven\repository\javax\persistence\persistence-api\1.0\persistence-api-1.0.jar;F:\JavaTools\maven\repository\tk\mybatis\mapper-base\1.1.5\mapper-base-1.1.5.jar;F:\JavaTools\maven\repository\tk\mybatis\mapper-weekend\1.1.5\mapper-weekend-1.1.5.jar;F:\JavaTools\maven\repository\tk\mybatis\mapper-spring\1.1.5\mapper-spring-1.1.5.jar;F:\JavaTools\maven\repository\tk\mybatis\mapper-extra\1.1.5\mapper-extra-1.1.5.jar;F:\JavaTools\maven\repository\tk\mybatis\mapper-spring-boot-autoconfigure\2.1.5\mapper-spring-boot-autoconfigure-2.1.5.jar;F:\JavaTools\maven\repository\org\springframework\boot\spring-boot-starter-test\2.1.5.RELEASE\spring-boot-starter-test-2.1.5.RELEASE.jar;F:\JavaTools\maven\repository\org\springframework\boot\spring-boot-test\2.1.5.RELEASE\spring-boot-test-2.1.5.RELEASE.jar;F:\JavaTools\maven\repository\org\springframework\boot\spring-boot-test-autoconfigure\2.1.5.RELEASE\spring-boot-test-autoconfigure-2.1.5.RELEASE.jar;F:\JavaTools\maven\repository\com\jayway\jsonpath\json-path\2.4.0\json-path-2.4.0.jar;F:\JavaTools\maven\repository\net\minidev\json-smart\2.3\json-smart-2.3.jar;F:\JavaTools\maven\repository\net\minidev\accessors-smart\1.2\accessors-smart-1.2.jar;F:\JavaTools\maven\repository\org\ow2\asm\asm\5.0.4\asm-5.0.4.jar;F:\JavaTools\maven\repository\junit\junit\4.12\junit-4.12.jar;F:\JavaTools\maven\repository\org\assertj\assertj-core\3.11.1\assertj-core-3.11.1.jar;F:\JavaTools\maven\repository\org\mockito\mockito-core\2.23.4\mockito-core-2.23.4.jar;F:\JavaTools\maven\repository\net\bytebuddy\byte-buddy\1.9.12\byte-buddy-1.9.12.jar;F:\JavaTools\maven\repository\net\bytebuddy\byte-buddy-agent\1.9.12\byte-buddy-agent-1.9.12.jar;F:\JavaTools\maven\repository\org\objenesis\objenesis\2.6\objenesis-2.6.jar;F:\JavaTools\maven\repository\org\hamcrest\hamcrest-core\1.3\hamcrest-core-1.3.jar;F:\JavaTools\maven\repository\org\hamcrest\hamcrest-library\1.3\hamcrest-library-1.3.jar;F:\JavaTools\maven\repository\org\skyscreamer\jsonassert\1.5.0\jsonassert-1.5.0.jar;F:\JavaTools\maven\repository\com\vaadin\external\google\android-json\0.0.20131108.vaadin1\android-json-0.0.20131108.vaadin1.jar;F:\JavaTools\maven\repository\org\springframework\spring-core\5.1.7.RELEASE\spring-core-5.1.7.RELEASE.jar;F:\JavaTools\maven\repository\org\springframework\spring-jcl\5.1.7.RELEASE\spring-jcl-5.1.7.RELEASE.jar;F:\JavaTools\maven\repository\org\springframework\spring-test\5.1.7.RELEASE\spring-test-5.1.7.RELEASE.jar;F:\JavaTools\maven\repository\org\xmlunit\xmlunit-core\2.6.2\xmlunit-core-2.6.2.jar;F:\JavaTools\maven\repository\org\springframework\boot\spring-boot-starter-data-redis\2.1.5.RELEASE\spring-boot-starter-data-redis-2.1.5.RELEASE.jar;F:\JavaTools\maven\repository\org\springframework\data\spring-data-redis\2.1.8.RELEASE\spring-data-redis-2.1.8.RELEASE.jar;F:\JavaTools\maven\repository\org\springframework\data\spring-data-keyvalue\2.1.8.RELEASE\spring-data-keyvalue-2.1.8.RELEASE.jar;F:\JavaTools\maven\repository\org\springframework\data\spring-data-commons\2.1.8.RELEASE\spring-data-commons-2.1.8.RELEASE.jar;F:\JavaTools\maven\repository\org\springframework\spring-oxm\5.1.7.RELEASE\spring-oxm-5.1.7.RELEASE.jar;F:\JavaTools\maven\repository\org\springframework\spring-context-support\5.1.7.RELEASE\spring-context-support-5.1.7.RELEASE.jar;F:\JavaTools\maven\repository\io\lettuce\lettuce-core\5.1.6.RELEASE\lettuce-core-5.1.6.RELEASE.jar;F:\JavaTools\maven\repository\io\netty\netty-common\4.1.36.Final\netty-common-4.1.36.Final.jar;F:\JavaTools\maven\repository\io\netty\netty-handler\4.1.36.Final\netty-handler-4.1.36.Final.jar;F:\JavaTools\maven\repository\io\netty\netty-buffer\4.1.36.Final\netty-buffer-4.1.36.Final.jar;F:\JavaTools\maven\repository\io\netty\netty-codec\4.1.36.Final\netty-codec-4.1.36.Final.jar;F:\JavaTools\maven\repository\io\netty\netty-transport\4.1.36.Final\netty-transport-4.1.36.Final.jar;F:\JavaTools\maven\repository\io\netty\netty-resolver\4.1.36.Final\netty-resolver-4.1.36.Final.jar;F:\JavaTools\maven\repository\io\projectreactor\reactor-core\3.2.9.RELEASE\reactor-core-3.2.9.RELEASE.jar;F:\JavaTools\maven\repository\org\reactivestreams\reactive-streams\1.0.2\reactive-streams-1.0.2.jar;"/>
    <property name="sun.cpu.endian" value="little"/>
    <property name="user.home" value="C:\Users\chf"/>
    <property name="user.language" value="zh"/>
    <property name="java.specification.vendor" value="Oracle Corporation"/>
    <property name="java.home" value="D:\Program Files\Java\jdk1.8.0_60\jre"/>
    <property name="basedir" value="D:\code\chf-springboot"/>
    <property name="file.separator" value="\"/>
    <property name="line.separator" value="&#10;"/>
    <property name="java.vm.specification.vendor" value="Oracle Corporation"/>
    <property name="java.specification.name" value="Java Platform API Specification"/>
    <property name="java.awt.graphicsenv" value="sun.awt.Win32GraphicsEnvironment"/>
    <property name="surefire.real.class.path" value="C:\Users\chf\AppData\Local\Temp\surefire3594175329657435540\surefirebooter8683456571503188778.jar"/>
    <property name="sun.boot.class.path" value="D:\Program Files\Java\jdk1.8.0_60\jre\lib\resources.jar;D:\Program Files\Java\jdk1.8.0_60\jre\lib\rt.jar;D:\Program Files\Java\jdk1.8.0_60\jre\lib\sunrsasign.jar;D:\Program Files\Java\jdk1.8.0_60\jre\lib\jsse.jar;D:\Program Files\Java\jdk1.8.0_60\jre\lib\jce.jar;D:\Program Files\Java\jdk1.8.0_60\jre\lib\charsets.jar;D:\Program Files\Java\jdk1.8.0_60\jre\lib\jfr.jar;D:\Program Files\Java\jdk1.8.0_60\jre\classes"/>
    <property name="user.script" value=""/>
    <property name="sun.management.compiler" value="HotSpot 64-Bit Tiered Compilers"/>
    <property name="java.runtime.version" value="1.8.0_60-b27"/>
    <property name="user.name" value="chf"/>
    <property name="path.separator" value=";"/>
    <property name="os.version" value="10.0"/>
    <property name="java.endorsed.dirs" value="D:\Program Files\Java\jdk1.8.0_60\jre\lib\endorsed"/>
    <property name="java.runtime.name" value="Java(TM) SE Runtime Environment"/>
    <property name="file.encoding" value="GBK"/>
    <property name="java.vm.name" value="Java HotSpot(TM) 64-Bit Server VM"/>
    <property name="localRepository" value="F:\JavaTools\maven\repository"/>
    <property name="java.vendor.url.bug" value="http://bugreport.sun.com/bugreport/"/>
    <property name="java.io.tmpdir" value="C:\Users\chf\AppData\Local\Temp\"/>
    <property name="java.version" value="1.8.0_60"/>
    <property name="user.dir" value="D:\code\chf-springboot"/>
    <property name="os.arch" value="amd64"/>
    <property name="java.vm.specification.name" value="Java Virtual Machine Specification"/>
    <property name="java.awt.printerjob" value="sun.awt.windows.WPrinterJob"/>
    <property name="idea.version2019.1.3" value="true"/>
    <property name="sun.os.patch.level" value=""/>
    <property name="java.library.path" value="D:\Program Files\Java\jdk1.8.0_60\jre\bin;C:\WINDOWS\Sun\Java\bin;C:\WINDOWS\system32;C:\WINDOWS;D:\JavaTool\JDK\JDK\bin;C:\Program Files (x86)\Common Files\Oracle\Java\javapath;C:\ProgramData\Oracle\Java\javapath;C:\WINDOWS\system32;C:\WINDOWS;C:\WINDOWS\System32\Wbem;C:\WINDOWS\System32\WindowsPowerShell\v1.0\;F:\JavaTools\maven\apache-maven-3.3.9\bin;C:\Program Files\TortoiseSVN\bin;D:\JavaTools\Git\Git\cmd;C:\Program Files\TortoiseGit\bin;C:\WINDOWS\System32\OpenSSH\;D:\JavaTools\CRT\;F:\JavaTools\MySQL\bin;C:\Users\chf\AppData\Local\Microsoft\WindowsApps;;D:\JavaTool\ideaIU\IntelliJ IDEA 2019.1.3\bin;;."/>
    <property name="java.vm.info" value="mixed mode"/>
    <property name="java.vendor" value="Oracle Corporation"/>
    <property name="java.vm.version" value="25.60-b23"/>
    <property name="java.ext.dirs" value="D:\Program Files\Java\jdk1.8.0_60\jre\lib\ext;C:\WINDOWS\Sun\Java\lib\ext"/>
    <property name="sun.io.unicode.encoding" value="UnicodeLittle"/>
    <property name="java.class.version" value="52.0"/>
  </properties>
  <testcase name="saveUser" classname="com.ruijie.service.UserServiceTest" time="1.055">
    <error message="&#10;### Error updating database.  Cause: com.mysql.jdbc.exceptions.jdbc4.MySQLIntegrityConstraintViolationException: Duplicate entry &apos;chf&apos; for key &apos;username&apos;&#10;### The error may exist in com/ruijie/mapper/UserMapper.java (best guess)&#10;### The error may involve com.ruijie.mapper.UserMapper.insertSelective-Inline&#10;### The error occurred while setting parameters&#10;### SQL: INSERT INTO tb_user  ( id,user_name,password,name,age,sex,created ) VALUES( ?,?,?,?,?,?,? )&#10;### Cause: com.mysql.jdbc.exceptions.jdbc4.MySQLIntegrityConstraintViolationException: Duplicate entry &apos;chf&apos; for key &apos;username&apos;&#10;; Duplicate entry &apos;chf&apos; for key &apos;username&apos;; nested exception is com.mysql.jdbc.exceptions.jdbc4.MySQLIntegrityConstraintViolationException: Duplicate entry &apos;chf&apos; for key &apos;username&apos;" type="org.springframework.dao.DuplicateKeyException">org.springframework.dao.DuplicateKeyException: 

### Error updating database.  Cause: com.mysql.jdbc.exceptions.jdbc4.MySQLIntegrityConstraintViolationException: Duplicate entry 'chf' for key 'username'
### The error may exist in com/ruijie/mapper/UserMapper.java (best guess)
### The error may involve com.ruijie.mapper.UserMapper.insertSelective-Inline
### The error occurred while setting parameters
### SQL: INSERT INTO tb_user  ( id,user_name,password,name,age,sex,created ) VALUES( ?,?,?,?,?,?,? )
### Cause: com.mysql.jdbc.exceptions.jdbc4.MySQLIntegrityConstraintViolationException: Duplicate entry 'chf' for key 'username'
; Duplicate entry 'chf' for key 'username'; nested exception is com.mysql.jdbc.exceptions.jdbc4.MySQLIntegrityConstraintViolationException: Duplicate entry 'chf' for key 'username'
	at com.ruijie.service.UserServiceTest.saveUser(UserServiceTest.java:35)
Caused by: com.mysql.jdbc.exceptions.jdbc4.MySQLIntegrityConstraintViolationException: Duplicate entry 'chf' for key 'username'
	at com.ruijie.service.UserServiceTest.saveUser(UserServiceTest.java:35)
</error>
    <system-out><![CDATA[2019-11-24 21:49:43.751  INFO 6572 --- [           main] .b.t.c.SpringBootTestContextBootstrapper : Neither @ContextConfiguration nor @ContextHierarchy found for test class [com.ruijie.service.UserServiceTest], using SpringBootContextLoader
2019-11-24 21:49:43.754  INFO 6572 --- [           main] o.s.t.c.support.AbstractContextLoader    : Could not detect default resource locations for test class [com.ruijie.service.UserServiceTest]: no resource found for suffixes {-context.xml, Context.groovy}.
2019-11-24 21:49:43.754  INFO 6572 --- [           main] t.c.s.AnnotationConfigContextLoaderUtils : Could not detect default configuration classes for test class [com.ruijie.service.UserServiceTest]: UserServiceTest does not declare any static, non-private, non-final, nested classes annotated with @Configuration.
2019-11-24 21:49:43.785  INFO 6572 --- [           main] .b.t.c.SpringBootTestContextBootstrapper : Found @SpringBootConfiguration com.ruijie.Appliaction for test class com.ruijie.service.UserServiceTest
2019-11-24 21:49:43.789  INFO 6572 --- [           main] .b.t.c.SpringBootTestContextBootstrapper : Loaded default TestExecutionListener class names from location [META-INF/spring.factories]: [org.springframework.boot.test.mock.mockito.MockitoTestExecutionListener, org.springframework.boot.test.mock.mockito.ResetMocksTestExecutionListener, org.springframework.boot.test.autoconfigure.restdocs.RestDocsTestExecutionListener, org.springframework.boot.test.autoconfigure.web.client.MockRestServiceServerResetTestExecutionListener, org.springframework.boot.test.autoconfigure.web.servlet.MockMvcPrintOnlyOnFailureTestExecutionListener, org.springframework.boot.test.autoconfigure.web.servlet.WebDriverTestExecutionListener, org.springframework.test.context.web.ServletTestExecutionListener, org.springframework.test.context.support.DirtiesContextBeforeModesTestExecutionListener, org.springframework.test.context.support.DependencyInjectionTestExecutionListener, org.springframework.test.context.support.DirtiesContextTestExecutionListener, org.springframework.test.context.transaction.TransactionalTestExecutionListener, org.springframework.test.context.jdbc.SqlScriptsTestExecutionListener]
2019-11-24 21:49:43.790  INFO 6572 --- [           main] .b.t.c.SpringBootTestContextBootstrapper : Using TestExecutionListeners: [org.springframework.test.context.web.ServletTestExecutionListener@5dbbb292, org.springframework.test.context.support.DirtiesContextBeforeModesTestExecutionListener@613f7eb7, org.springframework.boot.test.mock.mockito.MockitoTestExecutionListener@565aa4ac, org.springframework.boot.test.autoconfigure.SpringBootDependencyInjectionTestExecutionListener@587c5c1, org.springframework.test.context.support.DirtiesContextTestExecutionListener@528c8c1, org.springframework.test.context.transaction.TransactionalTestExecutionListener@1f78d415, org.springframework.test.context.jdbc.SqlScriptsTestExecutionListener@1c046c92, org.springframework.boot.test.mock.mockito.ResetMocksTestExecutionListener@27960b1e, org.springframework.boot.test.autoconfigure.restdocs.RestDocsTestExecutionListener@643ba1ed, org.springframework.boot.test.autoconfigure.web.client.MockRestServiceServerResetTestExecutionListener@3d3a1903, org.springframework.boot.test.autoconfigure.web.servlet.MockMvcPrintOnlyOnFailureTestExecutionListener@26582ca, org.springframework.boot.test.autoconfigure.web.servlet.WebDriverTestExecutionListener@153cb763]
2019-11-24 21:49:43.818  INFO 6572 --- [           main] com.zaxxer.hikari.HikariDataSource       : HikariPool-1 - Starting...
2019-11-24 21:49:44.298  INFO 6572 --- [           main] com.zaxxer.hikari.HikariDataSource       : HikariPool-1 - Start completed.
新增用户。。。
Creating a new SqlSession
Registering transaction synchronization for SqlSession [org.apache.ibatis.session.defaults.DefaultSqlSession@3e28d779]
JDBC Connection [HikariProxyConnection@676060909 wrapping com.mysql.jdbc.JDBC4Connection@58b311ba] will be managed by Spring
==>  Preparing: INSERT INTO tb_user ( id,user_name,password,name,age,sex,created ) VALUES( ?,?,?,?,?,?,? ) 
==> Parameters: null, chf(String), 123456(String), chf(String), 13(Integer), 1(Integer), 2019-11-24 21:49:43.804(Timestamp)
Releasing transactional SqlSession [org.apache.ibatis.session.defaults.DefaultSqlSession@3e28d779]
Transaction synchronization deregistering SqlSession [org.apache.ibatis.session.defaults.DefaultSqlSession@3e28d779]
Transaction synchronization closing SqlSession [org.apache.ibatis.session.defaults.DefaultSqlSession@3e28d779]
]]></system-out>
  </testcase>
  <testcase name="queryById" classname="com.ruijie.service.UserServiceTest" time="0.045"/>
</testsuite>